# JRE version: OpenJDK Runtime Environment (11.0.13) (build 11.0.13+0-b1751.21-8125866)
# Java VM: OpenJDK 64-Bit Server VM (11.0.13+0-b1751.21-8125866, mixed mode, tiered, compressed oops, g1 gc, windows-amd64)
Heap:
 garbage-first heap   total 328704K, used 229376K [0x0000000080000000, 0x0000000100000000)
  region size 1024K, 18 young (18432K), 2 survivors (2048K)
 Metaspace       used 113618K, capacity 116048K, committed 116184K, reserved 1150976K
  class space    used 14299K, capacity 15236K, committed 15268K, reserved 1048576K
GC Heap History (20 events):
Event: 34.763 GC heap before
{Heap before GC invocations=28 (full 0):
 garbage-first heap   total 227328K, used 178924K [0x0000000080000000, 0x0000000100000000)
  region size 1024K, 31 young (31744K), 4 survivors (4096K)
 Metaspace       used 111619K, capacity 113960K, committed 114136K, reserved 1148928K
  class space    used 14070K, capacity 14952K, committed 15012K, reserved 1048576K
}
Event: 34.794 GC heap after
{Heap after GC invocations=29 (full 0):
 garbage-first heap   total 227328K, used 168960K [0x0000000080000000, 0x0000000100000000)
  region size 1024K, 4 young (4096K), 4 survivors (4096K)
 Metaspace       used 111619K, capacity 113960K, committed 114136K, reserved 1148928K
  class space    used 14070K, capacity 14952K, committed 15012K, reserved 1048576K
}
Event: 34.957 GC heap before
{Heap before GC invocations=29 (full 0):
 garbage-first heap   total 227328K, used 183296K [0x0000000080000000, 0x0000000100000000)
  region size 1024K, 18 young (18432K), 4 survivors (4096K)
 Metaspace       used 111620K, capacity 113960K, committed 114136K, reserved 1148928K
  class space    used 14070K, capacity 14952K, committed 15012K, reserved 1048576K
}
Event: 34.981 GC heap after
{Heap after GC invocations=30 (full 0):
 garbage-first heap   total 273408K, used 181248K [0x0000000080000000, 0x0000000100000000)
  region size 1024K, 3 young (3072K), 3 survivors (3072K)
 Metaspace       used 111620K, capacity 113960K, committed 114136K, reserved 1148928K
  class space    used 14070K, capacity 14952K, committed 15012K, reserved 1048576K
}
Event: 35.735 GC heap before
{Heap before GC invocations=30 (full 0):
 garbage-first heap   total 273408K, used 205824K [0x0000000080000000, 0x0000000100000000)
  region size 1024K, 27 young (27648K), 3 survivors (3072K)
 Metaspace       used 111620K, capacity 113960K, committed 114136K, reserved 1148928K
  class space    used 14070K, capacity 14952K, committed 15012K, reserved 1048576K
}
Event: 35.792 GC heap after
{Heap after GC invocations=31 (full 0):
 garbage-first heap   total 273408K, used 199680K [0x0000000080000000, 0x0000000100000000)
  region size 1024K, 4 young (4096K), 4 survivors (4096K)
 Metaspace       used 111620K, capacity 113960K, committed 114136K, reserved 1148928K
  class space    used 14070K, capacity 14952K, committed 15012K, reserved 1048576K
}
Event: 36.323 GC heap before
{Heap before GC invocations=32 (full 0):
 garbage-first heap   total 273408K, used 217088K [0x0000000080000000, 0x0000000100000000)
  region size 1024K, 21 young (21504K), 4 survivors (4096K)
 Metaspace       used 111740K, capacity 114093K, committed 114392K, reserved 1148928K
  class space    used 14070K, capacity 14952K, committed 15012K, reserved 1048576K
}
Event: 36.345 GC heap after
{Heap after GC invocations=33 (full 0):
 garbage-first heap   total 273408K, used 210944K [0x0000000080000000, 0x0000000100000000)
  region size 1024K, 3 young (3072K), 3 survivors (3072K)
 Metaspace       used 111740K, capacity 114093K, committed 114392K, reserved 1148928K
  class space    used 14070K, capacity 14952K, committed 15012K, reserved 1048576K
}
Event: 36.422 GC heap before
{Heap before GC invocations=33 (full 0):
 garbage-first heap   total 273408K, used 222208K [0x0000000080000000, 0x0000000100000000)
  region size 1024K, 15 young (15360K), 3 survivors (3072K)
 Metaspace       used 111740K, capacity 114093K, committed 114392K, reserved 1148928K
  class space    used 14070K, capacity 14952K, committed 15012K, reserved 1048576K
}
Event: 36.442 GC heap after
{Heap after GC invocations=34 (full 0):
 garbage-first heap   total 273408K, used 224256K [0x0000000080000000, 0x0000000100000000)
  region size 1024K, 2 young (2048K), 2 survivors (2048K)
 Metaspace       used 111740K, capacity 114093K, committed 114392K, reserved 1148928K
  class space    used 14070K, capacity 14952K, committed 15012K, reserved 1048576K
}
Event: 36.540 GC heap before
{Heap before GC invocations=34 (full 0):
 garbage-first heap   total 273408K, used 235520K [0x0000000080000000, 0x0000000100000000)
  region size 1024K, 13 young (13312K), 2 survivors (2048K)
 Metaspace       used 111740K, capacity 114093K, committed 114392K, reserved 1148928K
  class space    used 14070K, capacity 14952K, committed 15012K, reserved 1048576K
}
Event: 36.569 GC heap after
{Heap after GC invocations=35 (full 0):
 garbage-first heap   total 273408K, used 236544K [0x0000000080000000, 0x0000000100000000)
  region size 1024K, 2 young (2048K), 2 survivors (2048K)
 Metaspace       used 111740K, capacity 114093K, committed 114392K, reserved 1148928K
  class space    used 14070K, capacity 14952K, committed 15012K, reserved 1048576K
}
Event: 36.638 GC heap before
{Heap before GC invocations=35 (full 0):
 garbage-first heap   total 273408K, used 247808K [0x0000000080000000, 0x0000000100000000)
  region size 1024K, 13 young (13312K), 2 survivors (2048K)
 Metaspace       used 111740K, capacity 114093K, committed 114392K, reserved 1148928K
  class space    used 14070K, capacity 14952K, committed 15012K, reserved 1048576K
}
Event: 36.670 GC heap after
{Heap after GC invocations=36 (full 0):
 garbage-first heap   total 273408K, used 248832K [0x0000000080000000, 0x0000000100000000)
  region size 1024K, 2 young (2048K), 2 survivors (2048K)
 Metaspace       used 111740K, capacity 114093K, committed 114392K, reserved 1148928K
  class space    used 14070K, capacity 14952K, committed 15012K, reserved 1048576K
}
Event: 36.917 GC heap before
{Heap before GC invocations=36 (full 0):
 garbage-first heap   total 273408K, used 260096K [0x0000000080000000, 0x0000000100000000)
  region size 1024K, 13 young (13312K), 2 survivors (2048K)
 Metaspace       used 111777K, capacity 114157K, committed 114392K, reserved 1148928K
  class space    used 14071K, capacity 14952K, committed 15012K, reserved 1048576K
}
Event: 36.934 GC heap after
{Heap after GC invocations=37 (full 0):
 garbage-first heap   total 273408K, used 254464K [0x0000000080000000, 0x0000000100000000)
  region size 1024K, 2 young (2048K), 2 survivors (2048K)
 Metaspace       used 111777K, capacity 114157K, committed 114392K, reserved 1148928K
  class space    used 14071K, capacity 14952K, committed 15012K, reserved 1048576K
}
Event: 37.635 GC heap before
{Heap before GC invocations=38 (full 0):
 garbage-first heap   total 273408K, used 227840K [0x0000000080000000, 0x0000000100000000)
  region size 1024K, 13 young (13312K), 2 survivors (2048K)
 Metaspace       used 113291K, capacity 115752K, committed 115928K, reserved 1150976K
  class space    used 14245K, capacity 15143K, committed 15268K, reserved 1048576K
}
Event: 37.645 GC heap after
{Heap after GC invocations=39 (full 0):
 garbage-first heap   total 328704K, used 219660K [0x0000000080000000, 0x0000000100000000)
  region size 1024K, 2 young (2048K), 2 survivors (2048K)
 Metaspace       used 113291K, capacity 115752K, committed 115928K, reserved 1150976K
  class space    used 14245K, capacity 15143K, committed 15268K, reserved 1048576K
}
Event: 37.773 GC heap before
{Heap before GC invocations=39 (full 0):
 garbage-first heap   total 328704K, used 232972K [0x0000000080000000, 0x0000000100000000)
  region size 1024K, 16 young (16384K), 2 survivors (2048K)
 Metaspace       used 113306K, capacity 115752K, committed 115928K, reserved 1150976K
  class space    used 14245K, capacity 15143K, committed 15268K, reserved 1048576K
}
Event: 37.784 GC heap after
{Heap after GC invocations=40 (full 0):
 garbage-first heap   total 328704K, used 215040K [0x0000000080000000, 0x0000000100000000)
  region size 1024K, 2 young (2048K), 2 survivors (2048K)
 Metaspace       used 113306K, capacity 115752K, committed 115928K, reserved 1150976K
  class space    used 14245K, capacity 15143K, committed 15268K, reserved 1048576K
}

