# JRE version: OpenJDK Runtime Environment (11.0.13) (build 11.0.13+0-b1751.21-8125866)
# Java VM: OpenJDK 64-Bit Server VM (11.0.13+0-b1751.21-8125866, mixed mode, tiered, compressed oops, g1 gc, windows-amd64)
Heap:
 garbage-first heap   total 227328K, used 67549K [0x0000000080000000, 0x0000000100000000)
  region size 1024K, 10 young (10240K), 10 survivors (10240K)
 Metaspace       used 77042K, capacity 78658K, committed 78832K, reserved 1118208K
  class space    used 9915K, capacity 10517K, committed 10648K, reserved 1048576K
GC Heap History (20 events):
Event: 3.526 GC heap after
{Heap after GC invocations=4 (full 0):
 garbage-first heap   total 131072K, used 17083K [0x0000000080000000, 0x0000000100000000)
  region size 1024K, 8 young (8192K), 8 survivors (8192K)
 Metaspace       used 19501K, capacity 19957K, committed 20224K, reserved 1067008K
  class space    used 2352K, capacity 2506K, committed 2560K, reserved 1048576K
}
Event: 3.706 GC heap before
{Heap before GC invocations=4 (full 0):
 garbage-first heap   total 131072K, used 28347K [0x0000000080000000, 0x0000000100000000)
  region size 1024K, 20 young (20480K), 8 survivors (8192K)
 Metaspace       used 20750K, capacity 21196K, committed 21296K, reserved 1069056K
  class space    used 2522K, capacity 2685K, committed 2688K, reserved 1048576K
}
Event: 3.717 GC heap after
{Heap after GC invocations=5 (full 0):
 garbage-first heap   total 157696K, used 17753K [0x0000000080000000, 0x0000000100000000)
  region size 1024K, 4 young (4096K), 4 survivors (4096K)
 Metaspace       used 20750K, capacity 21196K, committed 21296K, reserved 1069056K
  class space    used 2522K, capacity 2685K, committed 2688K, reserved 1048576K
}
Event: 5.216 GC heap before
{Heap before GC invocations=6 (full 0):
 garbage-first heap   total 157696K, used 87385K [0x0000000080000000, 0x0000000100000000)
  region size 1024K, 72 young (73728K), 4 survivors (4096K)
 Metaspace       used 27482K, capacity 28080K, committed 28284K, reserved 1073152K
  class space    used 3565K, capacity 3773K, committed 3788K, reserved 1048576K
}
Event: 5.226 GC heap after
{Heap after GC invocations=7 (full 0):
 garbage-first heap   total 157696K, used 20107K [0x0000000080000000, 0x0000000100000000)
  region size 1024K, 6 young (6144K), 6 survivors (6144K)
 Metaspace       used 27482K, capacity 28080K, committed 28284K, reserved 1073152K
  class space    used 3565K, capacity 3773K, committed 3788K, reserved 1048576K
}
Event: 6.417 GC heap before
{Heap before GC invocations=7 (full 0):
 garbage-first heap   total 157696K, used 65163K [0x0000000080000000, 0x0000000100000000)
  region size 1024K, 51 young (52224K), 6 survivors (6144K)
 Metaspace       used 35178K, capacity 35892K, committed 35964K, reserved 1081344K
  class space    used 4494K, capacity 4787K, committed 4812K, reserved 1048576K
}
Event: 6.437 GC heap after
{Heap after GC invocations=8 (full 0):
 garbage-first heap   total 157696K, used 23491K [0x0000000080000000, 0x0000000100000000)
  region size 1024K, 9 young (9216K), 9 survivors (9216K)
 Metaspace       used 35178K, capacity 35892K, committed 35964K, reserved 1081344K
  class space    used 4494K, capacity 4787K, committed 4812K, reserved 1048576K
}
Event: 8.270 GC heap before
{Heap before GC invocations=9 (full 0):
 garbage-first heap   total 157696K, used 107459K [0x0000000080000000, 0x0000000100000000)
  region size 1024K, 89 young (91136K), 9 survivors (9216K)
 Metaspace       used 41618K, capacity 42562K, committed 42748K, reserved 1087488K
  class space    used 5274K, capacity 5631K, committed 5708K, reserved 1048576K
}
Event: 8.296 GC heap after
{Heap after GC invocations=10 (full 0):
 garbage-first heap   total 157696K, used 30167K [0x0000000080000000, 0x0000000100000000)
  region size 1024K, 12 young (12288K), 12 survivors (12288K)
 Metaspace       used 41618K, capacity 42562K, committed 42748K, reserved 1087488K
  class space    used 5274K, capacity 5631K, committed 5708K, reserved 1048576K
}
Event: 10.111 GC heap before
{Heap before GC invocations=10 (full 0):
 garbage-first heap   total 157696K, used 113111K [0x0000000080000000, 0x0000000100000000)
  region size 1024K, 92 young (94208K), 12 survivors (12288K)
 Metaspace       used 47983K, capacity 49093K, committed 49148K, reserved 1091584K
  class space    used 6055K, capacity 6465K, committed 6476K, reserved 1048576K
}
Event: 10.140 GC heap after
{Heap after GC invocations=11 (full 0):
 garbage-first heap   total 189440K, used 32982K [0x0000000080000000, 0x0000000100000000)
  region size 1024K, 9 young (9216K), 9 survivors (9216K)
 Metaspace       used 47983K, capacity 49093K, committed 49148K, reserved 1091584K
  class space    used 6055K, capacity 6465K, committed 6476K, reserved 1048576K
}
Event: 12.384 GC heap before
{Heap before GC invocations=11 (full 0):
 garbage-first heap   total 189440K, used 139478K [0x0000000080000000, 0x0000000100000000)
  region size 1024K, 105 young (107520K), 9 survivors (9216K)
 Metaspace       used 57061K, capacity 58425K, committed 58620K, reserved 1099776K
  class space    used 7149K, capacity 7658K, committed 7756K, reserved 1048576K
}
Event: 12.410 GC heap after
{Heap after GC invocations=12 (full 0):
 garbage-first heap   total 189440K, used 50874K [0x0000000080000000, 0x0000000100000000)
  region size 1024K, 13 young (13312K), 13 survivors (13312K)
 Metaspace       used 57061K, capacity 58425K, committed 58620K, reserved 1099776K
  class space    used 7149K, capacity 7658K, committed 7756K, reserved 1048576K
}
Event: 12.852 GC heap before
{Heap before GC invocations=12 (full 0):
 garbage-first heap   total 189440K, used 63162K [0x0000000080000000, 0x0000000100000000)
  region size 1024K, 26 young (26624K), 13 survivors (13312K)
 Metaspace       used 59092K, capacity 60443K, committed 60580K, reserved 1101824K
  class space    used 7431K, capacity 7970K, committed 8012K, reserved 1048576K
}
Event: 12.877 GC heap after
{Heap after GC invocations=13 (full 0):
 garbage-first heap   total 189440K, used 52118K [0x0000000080000000, 0x0000000100000000)
  region size 1024K, 2 young (2048K), 2 survivors (2048K)
 Metaspace       used 59092K, capacity 60443K, committed 60580K, reserved 1101824K
  class space    used 7431K, capacity 7970K, committed 8012K, reserved 1048576K
}
Event: 15.338 GC heap before
{Heap before GC invocations=14 (full 0):
 garbage-first heap   total 189440K, used 140182K [0x0000000080000000, 0x0000000100000000)
  region size 1024K, 81 young (82944K), 2 survivors (2048K)
 Metaspace       used 65226K, capacity 66642K, committed 66800K, reserved 1107968K
  class space    used 8206K, capacity 8762K, committed 8856K, reserved 1048576K
}
Event: 15.358 GC heap after
{Heap after GC invocations=15 (full 0):
 garbage-first heap   total 189440K, used 57484K [0x0000000080000000, 0x0000000100000000)
  region size 1024K, 8 young (8192K), 8 survivors (8192K)
 Metaspace       used 65226K, capacity 66642K, committed 66800K, reserved 1107968K
  class space    used 8206K, capacity 8762K, committed 8856K, reserved 1048576K
}
Event: 17.000 GC heap before
{Heap before GC invocations=16 (full 0):
 garbage-first heap   total 189440K, used 137356K [0x0000000080000000, 0x0000000100000000)
  region size 1024K, 86 young (88064K), 8 survivors (8192K)
 Metaspace       used 69328K, capacity 70732K, committed 70896K, reserved 1112064K
  class space    used 8701K, capacity 9266K, committed 9368K, reserved 1048576K
}
Event: 17.034 GC heap after
{Heap after GC invocations=17 (full 0):
 garbage-first heap   total 189440K, used 63317K [0x0000000080000000, 0x0000000100000000)
  region size 1024K, 6 young (6144K), 6 survivors (6144K)
 Metaspace       used 69328K, capacity 70732K, committed 70896K, reserved 1112064K
  class space    used 8701K, capacity 9266K, committed 9368K, reserved 1048576K
}
Event: 19.271 GC heap before
{Heap before GC invocations=17 (full 0):
 garbage-first heap   total 189440K, used 142165K [0x0000000080000000, 0x0000000100000000)
  region size 1024K, 83 young (84992K), 6 survivors (6144K)
 Metaspace       used 77042K, capacity 78658K, committed 78832K, reserved 1118208K
  class space    used 9915K, capacity 10517K, committed 10648K, reserved 1048576K
}

