# JRE version: OpenJDK Runtime Environment (11.0.13) (build 11.0.13+0-b1751.21-8125866)
# Java VM: OpenJDK 64-Bit Server VM (11.0.13+0-b1751.21-8125866, mixed mode, tiered, compressed oops, g1 gc, windows-amd64)
Heap:
 garbage-first heap   total 457728K, used 247808K [0x0000000080000000, 0x0000000100000000)
  region size 1024K, 2 young (2048K), 2 survivors (2048K)
 Metaspace       used 125153K, capacity 127921K, committed 128080K, reserved 1161216K
  class space    used 15471K, capacity 16479K, committed 16544K, reserved 1048576K
GC Heap History (20 events):
Event: 856.366 GC heap after
{Heap after GC invocations=59 (full 0):
 garbage-first heap   total 227328K, used 145758K [0x0000000080000000, 0x0000000100000000)
  region size 1024K, 4 young (4096K), 4 survivors (4096K)
 Metaspace       used 118796K, capacity 121491K, committed 121552K, reserved 1155072K
  class space    used 14669K, capacity 15646K, committed 15648K, reserved 1048576K
}
Event: 856.653 GC heap before
{Heap before GC invocations=59 (full 0):
 garbage-first heap   total 227328K, used 170334K [0x0000000080000000, 0x0000000100000000)
  region size 1024K, 28 young (28672K), 4 survivors (4096K)
 Metaspace       used 119287K, capacity 121939K, committed 122192K, reserved 1155072K
  class space    used 14726K, capacity 15710K, committed 15776K, reserved 1048576K
}
Event: 856.695 GC heap after
{Heap after GC invocations=60 (full 0):
 garbage-first heap   total 227328K, used 161792K [0x0000000080000000, 0x0000000100000000)
  region size 1024K, 4 young (4096K), 4 survivors (4096K)
 Metaspace       used 119287K, capacity 121939K, committed 122192K, reserved 1155072K
  class space    used 14726K, capacity 15710K, committed 15776K, reserved 1048576K
}
Event: 857.192 GC heap before
{Heap before GC invocations=61 (full 0):
 garbage-first heap   total 227328K, used 179200K [0x0000000080000000, 0x0000000100000000)
  region size 1024K, 21 young (21504K), 4 survivors (4096K)
 Metaspace       used 121149K, capacity 123915K, committed 123984K, reserved 1157120K
  class space    used 15016K, capacity 16004K, committed 16032K, reserved 1048576K
}
Event: 857.203 GC heap after
{Heap after GC invocations=62 (full 0):
 garbage-first heap   total 227328K, used 164653K [0x0000000080000000, 0x0000000100000000)
  region size 1024K, 2 young (2048K), 2 survivors (2048K)
 Metaspace       used 121149K, capacity 123915K, committed 123984K, reserved 1157120K
  class space    used 15016K, capacity 16004K, committed 16032K, reserved 1048576K
}
Event: 857.442 GC heap before
{Heap before GC invocations=62 (full 0):
 garbage-first heap   total 227328K, used 175917K [0x0000000080000000, 0x0000000100000000)
  region size 1024K, 15 young (15360K), 2 survivors (2048K)
 Metaspace       used 123354K, capacity 126077K, committed 126416K, reserved 1159168K
  class space    used 15316K, capacity 16297K, committed 16416K, reserved 1048576K
}
Event: 857.447 GC heap after
{Heap after GC invocations=63 (full 0):
 garbage-first heap   total 227328K, used 165284K [0x0000000080000000, 0x0000000100000000)
  region size 1024K, 3 young (3072K), 3 survivors (3072K)
 Metaspace       used 123354K, capacity 126077K, committed 126416K, reserved 1159168K
  class space    used 15316K, capacity 16297K, committed 16416K, reserved 1048576K
}
Event: 858.374 GC heap before
{Heap before GC invocations=64 (full 0):
 garbage-first heap   total 227328K, used 183716K [0x0000000080000000, 0x0000000100000000)
  region size 1024K, 20 young (20480K), 3 survivors (3072K)
 Metaspace       used 124692K, capacity 127418K, committed 127568K, reserved 1161216K
  class space    used 15448K, capacity 16443K, committed 16544K, reserved 1048576K
}
Event: 858.385 GC heap after
{Heap after GC invocations=65 (full 0):
 garbage-first heap   total 227328K, used 167698K [0x0000000080000000, 0x0000000100000000)
  region size 1024K, 3 young (3072K), 3 survivors (3072K)
 Metaspace       used 124692K, capacity 127418K, committed 127568K, reserved 1161216K
  class space    used 15448K, capacity 16443K, committed 16544K, reserved 1048576K
}
Event: 858.645 GC heap before
{Heap before GC invocations=65 (full 0):
 garbage-first heap   total 227328K, used 175890K [0x0000000080000000, 0x0000000100000000)
  region size 1024K, 11 young (11264K), 3 survivors (3072K)
 Metaspace       used 125053K, capacity 127784K, committed 128080K, reserved 1161216K
  class space    used 15471K, capacity 16479K, committed 16544K, reserved 1048576K
}
Event: 858.663 GC heap after
{Heap after GC invocations=66 (full 0):
 garbage-first heap   total 227328K, used 171673K [0x0000000080000000, 0x0000000100000000)
  region size 1024K, 2 young (2048K), 2 survivors (2048K)
 Metaspace       used 125053K, capacity 127784K, committed 128080K, reserved 1161216K
  class space    used 15471K, capacity 16479K, committed 16544K, reserved 1048576K
}
Event: 858.765 GC heap before
{Heap before GC invocations=66 (full 0):
 garbage-first heap   total 227328K, used 187033K [0x0000000080000000, 0x0000000100000000)
  region size 1024K, 17 young (17408K), 2 survivors (2048K)
 Metaspace       used 125053K, capacity 127784K, committed 128080K, reserved 1161216K
  class space    used 15471K, capacity 16479K, committed 16544K, reserved 1048576K
}
Event: 858.785 GC heap after
{Heap after GC invocations=67 (full 0):
 garbage-first heap   total 283648K, used 187392K [0x0000000080000000, 0x0000000100000000)
  region size 1024K, 3 young (3072K), 3 survivors (3072K)
 Metaspace       used 125053K, capacity 127784K, committed 128080K, reserved 1161216K
  class space    used 15471K, capacity 16479K, committed 16544K, reserved 1048576K
}
Event: 858.882 GC heap before
{Heap before GC invocations=67 (full 0):
 garbage-first heap   total 283648K, used 212992K [0x0000000080000000, 0x0000000100000000)
  region size 1024K, 28 young (28672K), 3 survivors (3072K)
 Metaspace       used 125053K, capacity 127784K, committed 128080K, reserved 1161216K
  class space    used 15471K, capacity 16479K, committed 16544K, reserved 1048576K
}
Event: 858.936 GC heap after
{Heap after GC invocations=68 (full 0):
 garbage-first heap   total 283648K, used 213504K [0x0000000080000000, 0x0000000100000000)
  region size 1024K, 4 young (4096K), 4 survivors (4096K)
 Metaspace       used 125053K, capacity 127784K, committed 128080K, reserved 1161216K
  class space    used 15471K, capacity 16479K, committed 16544K, reserved 1048576K
}
Event: 859.357 GC heap before
{Heap before GC invocations=68 (full 0):
 garbage-first heap   total 283648K, used 227840K [0x0000000080000000, 0x0000000100000000)
  region size 1024K, 18 young (18432K), 4 survivors (4096K)
 Metaspace       used 125153K, capacity 127921K, committed 128080K, reserved 1161216K
  class space    used 15471K, capacity 16479K, committed 16544K, reserved 1048576K
}
Event: 859.390 GC heap after
{Heap after GC invocations=69 (full 0):
 garbage-first heap   total 283648K, used 223232K [0x0000000080000000, 0x0000000100000000)
  region size 1024K, 3 young (3072K), 3 survivors (3072K)
 Metaspace       used 125153K, capacity 127921K, committed 128080K, reserved 1161216K
  class space    used 15471K, capacity 16479K, committed 16544K, reserved 1048576K
}
Event: 859.521 GC heap before
{Heap before GC invocations=69 (full 0):
 garbage-first heap   total 283648K, used 234496K [0x0000000080000000, 0x0000000100000000)
  region size 1024K, 14 young (14336K), 3 survivors (3072K)
 Metaspace       used 125153K, capacity 127921K, committed 128080K, reserved 1161216K
  class space    used 15471K, capacity 16479K, committed 16544K, reserved 1048576K
}
Event: 859.540 GC heap after
{Heap after GC invocations=70 (full 0):
 garbage-first heap   total 283648K, used 235520K [0x0000000080000000, 0x0000000100000000)
  region size 1024K, 2 young (2048K), 2 survivors (2048K)
 Metaspace       used 125153K, capacity 127921K, committed 128080K, reserved 1161216K
  class space    used 15471K, capacity 16479K, committed 16544K, reserved 1048576K
}
Event: 859.605 GC heap before
{Heap before GC invocations=70 (full 0):
 garbage-first heap   total 283648K, used 246784K [0x0000000080000000, 0x0000000100000000)
  region size 1024K, 13 young (13312K), 2 survivors (2048K)
 Metaspace       used 125153K, capacity 127921K, committed 128080K, reserved 1161216K
  class space    used 15471K, capacity 16479K, committed 16544K, reserved 1048576K
}

